<?xml version="1.0" encoding="UTF-8"?>
<!-- Generated by org.testng.reporters.JUnitReportReporter -->
<testsuite hostname="Prashants-MacBook-Pro.local" failures="0" tests="3" name="com.qa.tests.FreeCRMAccountPageTest" time="90.153" errors="0" timestamp="2021-04-02T02:04:45 IST" skipped="0">
  <testcase classname="com.qa.tests.FreeCRMAccountPageTest" name="login" time="31.240"/>
  <system-out/>
  <testcase classname="com.qa.tests.FreeCRMAccountPageTest" name="login" time="27.839"/>
  <system-out/>
  <testcase classname="com.qa.tests.FreeCRMAccountPageTest" name="login" time="31.074"/>
  <system-out/>
</testsuite> <!-- com.qa.tests.FreeCRMAccountPageTest -->
