<?xml version="1.0" encoding="UTF-8"?>
<!-- Generated by org.testng.reporters.JUnitReportReporter -->
<testsuite hostname="Prashants-MacBook-Pro.local" failures="0" tests="3" name="com.qa.tests.FreeCRMAccountPageTest" time="107.203" errors="0" timestamp="2021-04-26T01:18:14 IST" skipped="0">
  <testcase classname="com.qa.tests.FreeCRMAccountPageTest" name="login" time="12.375"/>
  <system-out/>
  <testcase classname="com.qa.tests.FreeCRMAccountPageTest" name="login" time="55.217"/>
  <system-out/>
  <testcase classname="com.qa.tests.FreeCRMAccountPageTest" name="login" time="39.611"/>
  <system-out/>
</testsuite> <!-- com.qa.tests.FreeCRMAccountPageTest -->
