<?xml version="1.0" encoding="UTF-8"?>
<!-- Generated by org.testng.reporters.JUnitReportReporter -->
<testsuite hostname="Prashants-MacBook-Pro.local" failures="0" tests="3" name="com.qa.tests.FreeCRMAccountPageTest" time="82.053" errors="0" timestamp="2021-03-07T19:36:53 IST" skipped="0">
  <testcase classname="com.qa.tests.FreeCRMAccountPageTest" name="login" time="12.343"/>
  <system-out/>
  <testcase classname="com.qa.tests.FreeCRMAccountPageTest" name="login" time="38.798"/>
  <system-out/>
  <testcase classname="com.qa.tests.FreeCRMAccountPageTest" name="login" time="30.912"/>
  <system-out/>
</testsuite> <!-- com.qa.tests.FreeCRMAccountPageTest -->
