<?xml version="1.0" encoding="UTF-8"?>
<!-- Generated by org.testng.reporters.JUnitReportReporter -->
<testsuite hostname="Prashants-MacBook-Pro.local" failures="0" tests="3" name="com.qa.tests.FreeCRMAccountPageTest" time="170.110" errors="0" timestamp="2021-04-02T16:33:54 IST" skipped="0">
  <testcase classname="com.qa.tests.FreeCRMAccountPageTest" name="login" time="117.071"/>
  <system-out/>
  <testcase classname="com.qa.tests.FreeCRMAccountPageTest" name="login" time="41.603"/>
  <system-out/>
  <testcase classname="com.qa.tests.FreeCRMAccountPageTest" name="login" time="11.436"/>
  <system-out/>
</testsuite> <!-- com.qa.tests.FreeCRMAccountPageTest -->
